<?xml version="1.0" encoding="UTF-8"?>
<!-- Generated by org.testng.reporters.JUnitReportReporter -->
<testsuite hostname="bogon" name="com.lemon.api.auto.testCase.AllTestCase" tests="11" failures="0" timestamp="5 Dec 2018 07:58:47 GMT" time="2.859" errors="0">
  <testcase name="f" time="1.155" classname="com.lemon.api.auto.testCase.AllTestCase"/>
  <testcase name="f" time="0.149" classname="com.lemon.api.auto.testCase.AllTestCase"/>
  <testcase name="f" time="0.138" classname="com.lemon.api.auto.testCase.AllTestCase"/>
  <testcase name="f" time="0.251" classname="com.lemon.api.auto.testCase.AllTestCase"/>
  <testcase name="f" time="0.136" classname="com.lemon.api.auto.testCase.AllTestCase"/>
  <testcase name="f" time="0.161" classname="com.lemon.api.auto.testCase.AllTestCase"/>
  <testcase name="f" time="0.142" classname="com.lemon.api.auto.testCase.AllTestCase"/>
  <testcase name="f" time="0.158" classname="com.lemon.api.auto.testCase.AllTestCase"/>
  <testcase name="f" time="0.170" classname="com.lemon.api.auto.testCase.AllTestCase"/>
  <testcase name="f" time="0.248" classname="com.lemon.api.auto.testCase.AllTestCase"/>
  <testcase name="f" time="0.151" classname="com.lemon.api.auto.testCase.AllTestCase"/>
</testsuite> <!-- com.lemon.api.auto.testCase.AllTestCase -->
