<?xml version="1.0" encoding="UTF-8"?>
<!-- Generated by org.testng.reporters.JUnitReportReporter -->
<testsuite hostname="localhost" name="com.lemon.api.auto.AutoTesterByMyself" tests="5" failures="0" timestamp="25 Nov 2018 12:16:08 GMT" time="0.930" errors="0">
  <testcase name="post" time="0.015" classname="com.lemon.api.auto.AutoTesterByMyself"/>
  <testcase name="post" time="0.046" classname="com.lemon.api.auto.AutoTesterByMyself"/>
  <testcase name="post" time="0.806" classname="com.lemon.api.auto.AutoTesterByMyself"/>
  <testcase name="post" time="0.045" classname="com.lemon.api.auto.AutoTesterByMyself"/>
  <testcase name="post" time="0.018" classname="com.lemon.api.auto.AutoTesterByMyself"/>
</testsuite> <!-- com.lemon.api.auto.AutoTesterByMyself -->
