<?xml version="1.0" encoding="UTF-8"?>
<!-- Generated by org.testng.reporters.JUnitReportReporter -->
<testsuite hostname="localhost" name="com.lemon.api.auto.one.PostTester_bak3" tests="5" failures="0" timestamp="2 Dec 2018 14:13:10 GMT" time="0.657" errors="0">
  <testcase name="postTest" time="0.018" classname="com.lemon.api.auto.one.PostTester_bak3"/>
  <testcase name="postTest" time="0.016" classname="com.lemon.api.auto.one.PostTester_bak3"/>
  <testcase name="postTest" time="0.585" classname="com.lemon.api.auto.one.PostTester_bak3"/>
  <testcase name="postTest" time="0.023" classname="com.lemon.api.auto.one.PostTester_bak3"/>
  <testcase name="postTest" time="0.015" classname="com.lemon.api.auto.one.PostTester_bak3"/>
</testsuite> <!-- com.lemon.api.auto.one.PostTester_bak3 -->
