<?xml version="1.0" encoding="UTF-8"?>
<!-- Generated by org.testng.reporters.JUnitReportReporter -->
<testsuite hostname="bogon" name="com.lemon.api.auto.PostTester_bak3" tests="4" failures="0" timestamp="28 Nov 2018 04:03:04 GMT" time="0.982" errors="0">
  <testcase name="postTest" time="0.017" classname="com.lemon.api.auto.PostTester_bak3"/>
  <testcase name="postTest" time="0.024" classname="com.lemon.api.auto.PostTester_bak3"/>
  <testcase name="postTest" time="0.914" classname="com.lemon.api.auto.PostTester_bak3"/>
  <testcase name="postTest" time="0.027" classname="com.lemon.api.auto.PostTester_bak3"/>
</testsuite> <!-- com.lemon.api.auto.PostTester_bak3 -->
