<?xml version="1.0" encoding="UTF-8"?>
<!-- Generated by org.testng.reporters.JUnitReportReporter -->
<testsuite hostname="bogon" name="com.lemon.api.auto.PostTester_bak" tests="3" failures="0" timestamp="28 Nov 2018 04:00:38 GMT" time="0.922" errors="0">
  <testcase name="postTest" time="0.882" classname="com.lemon.api.auto.PostTester_bak"/>
  <testcase name="postTest1" time="0.020" classname="com.lemon.api.auto.PostTester_bak"/>
  <testcase name="postTest2" time="0.020" classname="com.lemon.api.auto.PostTester_bak"/>
</testsuite> <!-- com.lemon.api.auto.PostTester_bak -->
