<?xml version="1.0" encoding="UTF-8"?>
<!-- Generated by org.testng.reporters.JUnitReportReporter -->
<testsuite hostname="bogon" name="com.lemon.api.auto.Tester_bak" tests="3" failures="0" timestamp="28 Nov 2018 03:21:21 GMT" time="1.015" errors="0">
  <testcase name="postTest" time="0.975" classname="com.lemon.api.auto.Tester_bak"/>
  <testcase name="postTest1" time="0.022" classname="com.lemon.api.auto.Tester_bak"/>
  <testcase name="postTest2" time="0.018" classname="com.lemon.api.auto.Tester_bak"/>
</testsuite> <!-- com.lemon.api.auto.Tester_bak -->
