<?xml version="1.0" encoding="UTF-8"?>
<!-- Generated by org.testng.reporters.JUnitReportReporter -->
<testsuite hostname="bogon" name="com.lemon.api.auto.GetTester" tests="1" failures="0" timestamp="27 Nov 2018 09:17:43 GMT" time="0.746" errors="0">
  <testcase name="getTest" time="0.746" classname="com.lemon.api.auto.GetTester"/>
</testsuite> <!-- com.lemon.api.auto.GetTester -->
