<?xml version="1.0" encoding="UTF-8"?>
<!-- Generated by org.testng.reporters.JUnitReportReporter -->
<testsuite hostname="localhost" name="com.lemon.api.auto.AutoTester2" tests="5" failures="0" timestamp="25 Nov 2018 10:56:17 GMT" time="0.886" errors="0">
  <testcase name="post" time="0.035" classname="com.lemon.api.auto.AutoTester2"/>
  <testcase name="post" time="0.020" classname="com.lemon.api.auto.AutoTester2"/>
  <testcase name="post" time="0.766" classname="com.lemon.api.auto.AutoTester2"/>
  <testcase name="post" time="0.012" classname="com.lemon.api.auto.AutoTester2"/>
  <testcase name="post" time="0.053" classname="com.lemon.api.auto.AutoTester2"/>
</testsuite> <!-- com.lemon.api.auto.AutoTester2 -->
