<?xml version="1.0" encoding="UTF-8"?>
<!-- Generated by org.testng.reporters.JUnitReportReporter -->
<testsuite hostname="bogon" name="com.lemon.api.auto.GetTester_bak" tests="3" failures="0" timestamp="27 Nov 2018 09:37:32 GMT" time="0.802" errors="0">
  <testcase name="getTest2" time="0.022" classname="com.lemon.api.auto.GetTester_bak"/>
  <testcase name="getTest" time="0.672" classname="com.lemon.api.auto.GetTester_bak"/>
  <testcase name="getTest1" time="0.108" classname="com.lemon.api.auto.GetTester_bak"/>
</testsuite> <!-- com.lemon.api.auto.GetTester_bak -->
